2018/02/08 13:52:04 mitchell:  Access   /Jtree/metadata/0.1.0/sample/search?state=XVlBzgbaiCMRAjWwhTHc&code=eyJhbGciOiJkaXIiLCJlbmMiOiJBMTI4Q0JDLUhTMjU2In0..wz8-qcWdV5KmZuj4ZWuSiA.DcbudBVe7M3xJdXllaEPGzz8Gm4-KULb1b2o8y3VLko-6eVpzcaglju2WcjC5sbSai8up3ZFUuZXyTshN_T9_1JWVYDbAkDXWv9vyTwrnSuiddB5B6EsIm0LY8b-xF8EhjtYmp6EHfWy5JgatdqgOC0cid-1hzJKprZyuHXvnIzznuMEUHAIrCm7JX517lfJRrsrEQbKbGO2rdK24E09bHr9r7BwB7iEpWCr3B4r89S7gTNhIrbr4Tj5wV9pNkMs.8CK0wJ0YKUZIHKNjWHdGjA
2018/02/08 13:52:12 mitchell:  Access   /Jtree/metadata/0.1.0/sample/search
2018/02/08 13:52:15 mitchell:  Access   /Jtree/metadata/0.1.0/query
2018/02/08 13:53:15 mitchell:  Access   /Jtree/metadata/0.1.0/sample/search
2018/02/08 13:55:22 mitchell:  Login   
2018/02/08 13:55:22 mitchell:  Access   /Jtree/metadata/0.1.0/sample/search?state=XVlBzgbaiCMRAjWwhTHc&code=eyJhbGciOiJkaXIiLCJlbmMiOiJBMTI4Q0JDLUhTMjU2In0..zYVKYJk4GKvF9bN156WlFA.Zls3ivZvkL5MZTQCsblesgyzd1YUI0KqZAJmjwyCiCtNCwC9rtfFRWvOkbUAYukha-CAeO2bQsEslm4Ai_cJyfiTULyis4yhBSm7PCar2OuOH7rTznApXc3xxLRf6fllJwOf3o0adUTMPd45D669e5rMYKIjKSG0GFEAvfp-wzAWoQoRbDAwDrSyX-2mb-XOrV5koTpcK-A55la-pBUzLIYjp4E9zQdhSLMc3P2UTVBr-eUQxPqGqUwdKtUaKeRQ.WGW2NgOlQegKAwO19oMkuQ
2018/02/08 13:55:52 mitchell:  Access   /Jtree/metadata/0.1.0/sample/search
2018/02/08 13:55:54 mitchell:  Access   /Jtree/metadata/0.1.0/sample/search
2018/02/08 13:56:04 mitchell:  Access   /Jtree/metadata/0.1.0/query
2018/02/08 13:56:06 mitchell:  Access   /Jtree/metadata/0.1.0/query
2018/02/08 13:56:19 mitchell:  Login   
2018/02/08 13:56:19 mitchell:  Access   /Jtree/metadata/0.1.0/sample/search?state=tcuAxhxKQFDaFpLSjFbc&code=eyJhbGciOiJkaXIiLCJlbmMiOiJBMTI4Q0JDLUhTMjU2In0..tTX4KCpPxqRpJ1We7dVQZA.C2VfSWVrg-1Nirx_wnFbAPrr6bWlu2ShLHMQuA4WxsNpk78s35VLRZhClSsTQrPJ9DSXFtOEQNe9vWNXziQOA3lT4ojzS-aqx2B98p25JMFaO7KoipW1O92AyV66Nx0Hvz89-FTPYu0hMo8qqoZR4AiQJCIEloSG5e2jktxsxoHojPSwHRWqhEjfxMTXw-FPGw5OQ3rBimjqWyiU4b2a-OlsLkHtxLDAmJvNffL2YUUxZRvMsXaTqkyz_k1VOLDX.qWjygJnvcbTPVhyuRRwCrQ
2018/02/08 14:00:18 mitchell:  Login   
2018/02/08 14:00:18 mitchell:  Access   /Jtree/metadata/0.1.0/sample/search?state=XVlBzgbaiCMRAjWwhTHc&code=eyJhbGciOiJkaXIiLCJlbmMiOiJBMTI4Q0JDLUhTMjU2In0..22LeD7WZYH9xVPKO-MoZqA.xNr0H4uXAuaBJTtdTS_hn_dhNj8YZNrqbdJ6G2LLhNQx6Zn55owx7WA2BDMIX7DYZJiLrRiNyVVk0haJARp8lOd9xf0G5976WnIsiQuu3-mc34W4JkpFqfEFOkuv31eWIV3w2kEMlXRE8YWcCWj_OE3jQEYn0dYll5hezkcdnePvzRQBncXCMdXZqC95tTSmazzkOx_tX7F-ZFVZvFEnr0Hq2DdgGbX8HDt8U5DFEPRfrjYH9GkoXXH1sqrrBflw.ENJQ_LCq2s_wEroBPv5X5g
2018/02/08 14:01:00 mitchell:  Login   
2018/02/08 14:02:36 mitchell:  Login   
2018/02/08 14:04:39 mitchell:  Login   
2018/02/08 14:04:48 mitchell:  Access   /Jtree/metadata/0.1.0/sample/search
2018/02/08 14:08:48 mitchell:  Login   
2018/02/08 14:08:48 mitchell:  Access   /Jtree/metadata/0.1.0/sample/search
2018/02/08 14:09:20 mitchell:  Access   /Jtree/metadata/0.1.0/sample/search
2018/02/08 14:11:09 mitchell:  Login   
2018/02/08 14:11:09 mitchell:  Access   /Jtree/metadata/0.1.0/sample/search?state=XVlBzgbaiCMRAjWwhTHc&code=eyJhbGciOiJkaXIiLCJlbmMiOiJBMTI4Q0JDLUhTMjU2In0..cubF9G4WPeU4184ZrjYEXQ.Ak_KbMT-UFb2VhNiMcdfu_k1aCqWDVEtBsqfdIXA6mFuQVBi_m8w4rlhmAycxREQ6-jPFg9_ez9Gn8hXHRVHd2TNHyrpRvd5WxwDCkuF92G7DxlpUdRBafIye32d08qonvpSZbLFyG1WDSjrUSgxBuk9h89CuPpE3YA8z2iYSPuaOXfoVTWuM2hYe7wC7uJsCXHVwQQDjcwRzOgsqJWot6pRFmzcHtYcA-DItBe2SZtLsSeTkdU1ZJ4fJ-QaK2gU.Y7407px2Zu3q-vHVPJfDtg
2018/02/08 14:11:09 mitchell:  Access   /Jtree/metadata/0.1.0/sample/search
2018/02/08 14:11:32 mitchell:  Access   /Jtree/metadata/0.1.0/columns
